<?xml version="1.0" encoding="UTF-8"?>
<!-- Generated by org.testng.reporters.JUnitReportReporter -->
<testsuite skipped="0" hostname="DESKTOP-72L85CQ" name="com.training.sanity.tests.OrderTests" tests="1" failures="0" timestamp="18 Jan 2019 10:53:49 GMT" time="68.788" errors="0">
  <testcase name="validLoginTest" time="68.788" classname="com.training.sanity.tests.OrderTests"/>
</testsuite> <!-- com.training.sanity.tests.OrderTests -->
