<?xml version="1.0" encoding="UTF-8"?>
<!-- Generated by org.testng.reporters.JUnitReportReporter -->
<testsuite skipped="0" hostname="DESKTOP-72L85CQ" name="com.training.sanity.tests.InvalidCredentialTests" tests="1" failures="0" timestamp="17 Jan 2019 11:18:22 GMT" time="42.216" errors="0">
  <testcase name="validLoginTest" time="42.216" classname="com.training.sanity.tests.InvalidCredentialTests"/>
</testsuite> <!-- com.training.sanity.tests.InvalidCredentialTests -->
