<?xml version="1.0" encoding="UTF-8"?>
<!-- Generated by org.testng.reporters.JUnitReportReporter -->
<testsuite skipped="0" hostname="DESKTOP-72L85CQ" name="com.training.sanity.tests.AccountopenTests" tests="1" failures="0" timestamp="18 Jan 2019 10:26:24 GMT" time="56.980" errors="0">
  <testcase name="validLoginTest" time="56.980" classname="com.training.sanity.tests.AccountopenTests"/>
</testsuite> <!-- com.training.sanity.tests.AccountopenTests -->
