<?xml version="1.0" encoding="UTF-8"?>
<!-- Generated by org.testng.reporters.JUnitReportReporter -->
<testsuite skipped="0" hostname="DESKTOP-72L85CQ" name="com.training.sanity.tests.EditprofileTests" tests="1" failures="0" timestamp="18 Jan 2019 10:31:18 GMT" time="82.112" errors="0">
  <testcase name="validLoginTest" time="82.112" classname="com.training.sanity.tests.EditprofileTests"/>
</testsuite> <!-- com.training.sanity.tests.EditprofileTests -->
