<?xml version="1.0" encoding="UTF-8"?>
<!-- Generated by org.testng.reporters.JUnitReportReporter -->
<testsuite skipped="0" hostname="DESKTOP-72L85CQ" name="com.training.sanity.tests.ForgetpasswordTests" tests="1" failures="0" timestamp="18 Jan 2019 10:37:37 GMT" time="64.485" errors="0">
  <testcase name="validLoginTest" time="64.485" classname="com.training.sanity.tests.ForgetpasswordTests"/>
</testsuite> <!-- com.training.sanity.tests.ForgetpasswordTests -->
